{"name": "User logged in using valid email and Invalid Password", "status": "broken", "statusDetails": {"message": "selenium.common.exceptions.NoSuchElementException: Message: no such element: Unable to locate element: {\"method\":\"css selector\",\"selector\":\"span.ant-breadcrumb-link\"}\n  (Session info: chrome=117.0.5938.132); For documentation on this error, please visit: https://www.selenium.dev/documentation/webdriver/troubleshooting/errors#no-such-element-exception\nStacktrace:\n\tGetHandleVerifier [0x00007FF638527892+54818]\n\t(No symbol) [0x00007FF638496AC2]\n\t(No symbol) [0x00007FF63834DA3B]\n\t(No symbol) [0x00007FF63838E4FC]\n\t(No symbol) [0x00007FF63838E67C]\n\t(No symbol) [0x00007FF6383C9627]\n\t(No symbol) [0x00007FF6383AEAEF]\n\t(No symbol) [0x00007FF6383C75A2]\n\t(No symbol) [0x00007FF6383AE883]\n\t(No symbol) [0x00007FF638383691]\n\t(No symbol) [0x00007FF6383848D4]\n\tGetHandleVerifier [0x00007FF63888B992+3610402]\n\tGetHandleVerifier [0x00007FF6388E1860+3962352]\n\tGetHandleVerifier [0x00007FF6388D9D4F+3930847]\n\tGetHandleVerifier [0x00007FF6385C3646+693206]\n\t(No symbol) [0x00007FF6384A1628]\n\t(No symbol) [0x00007FF63849D934]\n\t(No symbol) [0x00007FF63849DA62]\n\t(No symbol) [0x00007FF63848E113]\n\tBaseThreadInitThunk [0x00007FFADE0C257D+29]\n\tRtlUserThreadStart [0x00007FFADE58AA78+40]\n\n", "trace": "  File \"C:\\Users\\sabbir mamud\\AppData\\Local\\Programs\\Python\\Python311\\Lib\\site-packages\\behave\\model.py\", line 1329, in run\n    match.run(runner.context)\n  File \"C:\\Users\\sabbir mamud\\AppData\\Local\\Programs\\Python\\Python311\\Lib\\site-packages\\behave\\matchers.py\", line 98, in run\n    self.func(context, *args, **kwargs)\n  File \"features\\steps\\test_login_function.py\", line 26, in click_button\n    context.app.dashboard_page.verify_home_text()\n  File \"C:\\QA\\OneDrive - TulipTech LTD\\QA-TulipTech\\Automation\\moops\\Pages\\Dashboard.py\", line 24, in verify_home_text\n    self.assert_partial_text('Home', self.Home_text)\n  File \"C:\\QA\\OneDrive - TulipTech LTD\\QA-TulipTech\\Automation\\moops\\Pages\\Base.py\", line 31, in assert_partial_text\n    actual_text = self.driver.find_element(*locator).text\n                  ^^^^^^^^^^^^^^^^^^^^^^^^^^^^^^^^^^\n  File \"C:\\Users\\sabbir mamud\\AppData\\Local\\Programs\\Python\\Python311\\Lib\\site-packages\\selenium\\webdriver\\remote\\webdriver.py\", line 738, in find_element\n    return self.execute(Command.FIND_ELEMENT, {\"using\": by, \"value\": value})[\"value\"]\n           ^^^^^^^^^^^^^^^^^^^^^^^^^^^^^^^^^^^^^^^^^^^^^^^^^^^^^^^^^^^^^^^^^\n  File \"C:\\Users\\sabbir mamud\\AppData\\Local\\Programs\\Python\\Python311\\Lib\\site-packages\\selenium\\webdriver\\remote\\webdriver.py\", line 344, in execute\n    self.error_handler.check_response(response)\n  File \"C:\\Users\\sabbir mamud\\AppData\\Local\\Programs\\Python\\Python311\\Lib\\site-packages\\selenium\\webdriver\\remote\\errorhandler.py\", line 229, in check_response\n    raise exception_class(message, screen, stacktrace)\n"}, "steps": [{"name": "Given the user is on the Moops login page", "status": "passed", "start": 1695989405926, "stop": 1695989408467}, {"name": "When the user enters their email \"admin@moops.com\"", "status": "passed", "start": 1695989408468, "stop": 1695989409031}, {"name": "And the user enters their password \"1234688\"", "status": "passed", "start": 1695989409031, "stop": 1695989409253}, {"name": "And the user clicks the login button", "status": "passed", "start": 1695989409253, "stop": 1695989409392}, {"name": "Then they should be on the home page", "status": "broken", "statusDetails": {"message": "selenium.common.exceptions.NoSuchElementException: Message: no such element: Unable to locate element: {\"method\":\"css selector\",\"selector\":\"span.ant-breadcrumb-link\"}\n  (Session info: chrome=117.0.5938.132); For documentation on this error, please visit: https://www.selenium.dev/documentation/webdriver/troubleshooting/errors#no-such-element-exception\nStacktrace:\n\tGetHandleVerifier [0x00007FF638527892+54818]\n\t(No symbol) [0x00007FF638496AC2]\n\t(No symbol) [0x00007FF63834DA3B]\n\t(No symbol) [0x00007FF63838E4FC]\n\t(No symbol) [0x00007FF63838E67C]\n\t(No symbol) [0x00007FF6383C9627]\n\t(No symbol) [0x00007FF6383AEAEF]\n\t(No symbol) [0x00007FF6383C75A2]\n\t(No symbol) [0x00007FF6383AE883]\n\t(No symbol) [0x00007FF638383691]\n\t(No symbol) [0x00007FF6383848D4]\n\tGetHandleVerifier [0x00007FF63888B992+3610402]\n\tGetHandleVerifier [0x00007FF6388E1860+3962352]\n\tGetHandleVerifier [0x00007FF6388D9D4F+3930847]\n\tGetHandleVerifier [0x00007FF6385C3646+693206]\n\t(No symbol) [0x00007FF6384A1628]\n\t(No symbol) [0x00007FF63849D934]\n\t(No symbol) [0x00007FF63849DA62]\n\t(No symbol) [0x00007FF63848E113]\n\tBaseThreadInitThunk [0x00007FFADE0C257D+29]\n\tRtlUserThreadStart [0x00007FFADE58AA78+40]\n\n", "trace": "  File \"C:\\Users\\sabbir mamud\\AppData\\Local\\Programs\\Python\\Python311\\Lib\\site-packages\\behave\\model.py\", line 1329, in run\n    match.run(runner.context)\n  File \"C:\\Users\\sabbir mamud\\AppData\\Local\\Programs\\Python\\Python311\\Lib\\site-packages\\behave\\matchers.py\", line 98, in run\n    self.func(context, *args, **kwargs)\n  File \"features\\steps\\test_login_function.py\", line 26, in click_button\n    context.app.dashboard_page.verify_home_text()\n  File \"C:\\QA\\OneDrive - TulipTech LTD\\QA-TulipTech\\Automation\\moops\\Pages\\Dashboard.py\", line 24, in verify_home_text\n    self.assert_partial_text('Home', self.Home_text)\n  File \"C:\\QA\\OneDrive - TulipTech LTD\\QA-TulipTech\\Automation\\moops\\Pages\\Base.py\", line 31, in assert_partial_text\n    actual_text = self.driver.find_element(*locator).text\n                  ^^^^^^^^^^^^^^^^^^^^^^^^^^^^^^^^^^\n  File \"C:\\Users\\sabbir mamud\\AppData\\Local\\Programs\\Python\\Python311\\Lib\\site-packages\\selenium\\webdriver\\remote\\webdriver.py\", line 738, in find_element\n    return self.execute(Command.FIND_ELEMENT, {\"using\": by, \"value\": value})[\"value\"]\n           ^^^^^^^^^^^^^^^^^^^^^^^^^^^^^^^^^^^^^^^^^^^^^^^^^^^^^^^^^^^^^^^^^\n  File \"C:\\Users\\sabbir mamud\\AppData\\Local\\Programs\\Python\\Python311\\Lib\\site-packages\\selenium\\webdriver\\remote\\webdriver.py\", line 344, in execute\n    self.error_handler.check_response(response)\n  File \"C:\\Users\\sabbir mamud\\AppData\\Local\\Programs\\Python\\Python311\\Lib\\site-packages\\selenium\\webdriver\\remote\\errorhandler.py\", line 229, in check_response\n    raise exception_class(message, screen, stacktrace)\n"}, "attachments": [{"name": "failed_screenshot", "source": "99e79fb9-79cc-46c4-847a-778cb2948a4a-attachment.png", "type": "image/png"}], "start": 1695989409392, "stop": 1695989419696}], "start": 1695989403503, "stop": 1695989421923, "uuid": "f335b3bd-8250-402e-b296-49257f639c77", "historyId": "e54b9fef8535b669d1038cb3c0e7cce2", "fullName": "Authentication: User logged in using valid email and Invalid Password", "labels": [{"name": "severity", "value": "normal"}, {"name": "tag", "value": "login"}, {"name": "feature", "value": "Authentication"}, {"name": "framework", "value": "behave"}, {"name": "language", "value": "cpython3"}]}